<?xml version="1.0" encoding="UTF-8"?>
<!-- Generated by org.testng.reporters.JUnitReportReporter -->
<testsuite hostname="FANB0685" failures="0" tests="3" name="ParabankTest.ParabankAPITest" time="4.319" errors="0" timestamp="2022-08-09T15:50:38 EDT" skipped="0">
  <testcase classname="ParabankTest.ParabankAPITest" name="transferFundsViaAPITest2" time="0.545"/>
  <system-out/>
  <testcase classname="ParabankTest.ParabankAPITest" name="transferFundsViaAPITest3" time="0.540"/>
  <system-out/>
  <testcase classname="ParabankTest.ParabankAPITest" name="transferFundsViaAPITest1" time="3.234"/>
  <system-out/>
</testsuite> <!-- ParabankTest.ParabankAPITest -->
